<?xml version="1.0" encoding="UTF-8"?>
<!-- Generated by org.testng.reporters.JUnitReportReporter -->
<testsuite hostname="LAPTOP-93KV9PFL" failures="0" tests="4" name="com.david.tests.TestComments" time="1.107" errors="0" timestamp="2025-02-24T13:37:17 CST" skipped="0">
  <testcase classname="com.david.tests.TestComments" name="testGetCommentNameByPostId" time="0.331"/>
  <testcase classname="com.david.tests.TestComments" name="testGetCommentsFromPostByQueryParamInvalidId" time="0.261"/>
  <testcase classname="com.david.tests.TestComments" name="testGetCommentsFromPost" time="0.245"/>
  <testcase classname="com.david.tests.TestComments" name="testGetCommentsFromPostByQueryParam" time="0.270"/>
</testsuite> <!-- com.david.tests.TestComments -->
