<?xml version="1.0" encoding="UTF-8"?>
<!-- Generated by org.testng.reporters.JUnitReportReporter -->
<testsuite hostname="LAPTOP-93KV9PFL" failures="0" tests="9" name="com.david.tests.TestPosts" time="16.099" errors="0" timestamp="2025-02-21T21:02:35 CST" skipped="0">
  <testcase classname="com.david.tests.TestPosts" name="testCreatePost" time="3.410"/>
  <testcase classname="com.david.tests.TestPosts" name="testGetPosts" time="0.791"/>
  <testcase classname="com.david.tests.TestPosts" name="testPatchPost" time="0.870"/>
  <testcase classname="com.david.tests.TestPosts" name="testUpdatePostInvalidId" time="1.382"/>
  <testcase classname="com.david.tests.TestPosts" name="testGetPostByInvalidId" time="0.740"/>
  <testcase classname="com.david.tests.TestPosts" name="testGetPostUserId" time="1.739"/>
  <testcase classname="com.david.tests.TestPosts" name="testUpdatePost" time="1.817"/>
  <testcase classname="com.david.tests.TestPosts" name="testGetPostById" time="2.630"/>
  <testcase classname="com.david.tests.TestPosts" name="testDeletePost" time="2.720"/>
</testsuite> <!-- com.david.tests.TestPosts -->
