<?xml version="1.0" encoding="UTF-8"?>
<!-- Generated by org.testng.reporters.JUnitReportReporter -->
<testsuite hostname="LAPTOP-93KV9PFL" failures="0" tests="11" name="com.david.tests.TestPosts" time="15.089" errors="0" timestamp="2025-02-21T18:17:36 CST" skipped="0">
  <testcase classname="com.david.tests.TestPosts" name="testGetPostTitle" time="0.687"/>
  <testcase classname="com.david.tests.TestPosts" name="testUpdatePost" time="0.800"/>
  <testcase classname="com.david.tests.TestPosts" name="testUpdatePostInvalidId" time="0.834"/>
  <testcase classname="com.david.tests.TestPosts" name="testGetPostUserId" time="0.693"/>
  <testcase classname="com.david.tests.TestPosts" name="testGetPostBody" time="3.362"/>
  <testcase classname="com.david.tests.TestPosts" name="testCreatePost" time="3.387"/>
  <testcase classname="com.david.tests.TestPosts" name="testGetPosts" time="0.745"/>
  <testcase classname="com.david.tests.TestPosts" name="testPatchPost" time="0.764"/>
  <testcase classname="com.david.tests.TestPosts" name="testGetPostByInvalidId" time="0.720"/>
  <testcase classname="com.david.tests.TestPosts" name="testDeletePost" time="2.835"/>
  <testcase classname="com.david.tests.TestPosts" name="testGetPostById" time="0.262"/>
</testsuite> <!-- com.david.tests.TestPosts -->
