<?xml version="1.0" encoding="UTF-8"?>
<!-- Generated by org.testng.reporters.JUnitReportReporter -->
<testsuite hostname="LAPTOP-93KV9PFL" failures="0" tests="6" name="com.david.tests.TestComments" time="4.399" errors="0" timestamp="2025-02-21T18:17:36 CST" skipped="0">
  <testcase classname="com.david.tests.TestComments" name="testGetCommentBodyByPostId" time="0.704"/>
  <testcase classname="com.david.tests.TestComments" name="testGetCommentNameByPostId" time="1.621"/>
  <testcase classname="com.david.tests.TestComments" name="testGetCommentsFromPost" time="0.590"/>
  <testcase classname="com.david.tests.TestComments" name="testGetCommentEmailByPostId" time="0.633"/>
  <testcase classname="com.david.tests.TestComments" name="testGetCommentsFromPostByQueryParamInvalidId" time="0.247"/>
  <testcase classname="com.david.tests.TestComments" name="testGetCommentsFromPostByQueryParam" time="0.604"/>
</testsuite> <!-- com.david.tests.TestComments -->
