<?xml version="1.0" encoding="UTF-8"?>
<!-- Generated by org.testng.reporters.JUnitReportReporter -->
<testsuite hostname="LAPTOP-93KV9PFL" failures="0" tests="4" name="com.david.tests.TestComments" time="4.020" errors="0" timestamp="2025-02-21T21:02:35 CST" skipped="0">
  <testcase classname="com.david.tests.TestComments" name="testGetCommentsFromPost" time="0.733"/>
  <testcase classname="com.david.tests.TestComments" name="testGetCommentsFromPostByQueryParamInvalidId" time="1.720"/>
  <testcase classname="com.david.tests.TestComments" name="testGetCommentNameByPostId" time="0.825"/>
  <testcase classname="com.david.tests.TestComments" name="testGetCommentsFromPostByQueryParam" time="0.742"/>
</testsuite> <!-- com.david.tests.TestComments -->
